<?xml version="1.0" encoding="UTF-8"?>
<testng-results skipped="0" failed="0" ignored="0" total="0" passed="0">
  <reporter-output>
  </reporter-output>
  <suite name="Command line suite" duration-ms="6" started-at="2020-02-14T14:53:40 GMT" finished-at="2020-02-14T14:53:40 GMT">
    <groups>
    </groups>
    <test name="Command line test" duration-ms="6" started-at="2020-02-14T14:53:40 GMT" finished-at="2020-02-14T14:53:40 GMT">
    </test> <!-- Command line test -->
  </suite> <!-- Command line suite -->
</testng-results>
